Arguments: 
  /Users/trapstar/.nvm/versions/node/v16.11.0/bin/node /Users/trapstar/.yarn/bin/yarnpkg install

PATH: 
  /Users/trapstar/.yarn/bin:/Users/trapstar/.config/yarn/global/node_modules/.bin:/Users/trapstar/.nvm/versions/node/v16.11.0/bin:/usr/local/bin:/usr/bin:/bin:/usr/sbin:/sbin:/Users/trapstar/Library/Android/sdk/emulator:/Users/trapstar/Library/Android/sdk/tools:/Users/trapstar/Library/Android/sdk/tools/bin:/Users/trapstar/Library/Android/sdk/platform-tools:/Users/trapstar/Library/Android/sdk/emulator:/Users/trapstar/Library/Android/sdk/tools:/Users/trapstar/Library/Android/sdk/tools/bin:/Users/trapstar/Library/Android/sdk/platform-tools

Yarn version: 
  1.22.17

Node version: 
  16.11.0

Platform: 
  darwin x64

Trace: 
  Error: write EADDRNOTAVAIL
      at WriteWrap.onWriteComplete [as oncomplete] (node:internal/stream_base_commons:98:16)
      at handleWriteReq (node:internal/stream_base_commons:58:21)
      at writeGeneric (node:internal/stream_base_commons:153:15)
      at TLSSocket.Socket._writeGeneric (node:net:780:11)
      at TLSSocket.Socket._write (node:net:792:8)
      at doWrite (node:internal/streams/writable:408:12)
      at clearBuffer (node:internal/streams/writable:569:7)
      at TLSSocket.Writable.uncork (node:internal/streams/writable:348:7)
      at ClientRequest._flushOutput (node:_http_outgoing:969:10)
      at ClientRequest._flush (node:_http_outgoing:938:22)

npm manifest: 
  {
    "name": "share-interest",
    "version": "1.0.0",
    "main": "node_modules/expo/AppEntry.js",
    "scripts": {
      "start": "expo start",
      "android": "expo start --android",
      "ios": "expo start --ios",
      "web": "expo start --web",
      "eject": "expo eject",
      "test": "jest --watchAll"
    },
    "jest": {
      "preset": "jest-expo"
    },
    "dependencies": {
      "@expo/vector-icons": "^12.0.0",
      "@react-navigation/bottom-tabs": "^6.0.5",
      "@react-navigation/native": "^6.0.2",
      "@react-navigation/native-stack": "^6.1.0",
      "expo": "~44.0.0",
      "expo-asset": "~8.4.4",
      "expo-constants": "~13.0.0",
      "expo-font": "~10.0.4",
      "expo-linking": "~3.0.0",
      "expo-splash-screen": "~0.14.0",
      "expo-status-bar": "~1.2.0",
      "expo-web-browser": "~10.1.0",
      "react": "17.0.1",
      "react-dom": "17.0.1",
      "react-native": "0.64.3",
      "react-native-safe-area-context": "3.3.2",
      "react-native-screens": "~3.10.1",
      "react-native-web": "0.17.1"
    },
    "devDependencies": {
      "@babel/core": "^7.12.9",
      "@types/react": "~17.0.21",
      "@types/react-native": "~0.64.12",
      "jest-expo": "~44.0.1",
      "jest": "^26.6.3",
      "react-test-renderer": "17.0.1",
      "typescript": "~4.3.5"
    },
    "private": true
  }

yarn manifest: 
  No manifest

Lockfile: 
  No lockfile
